<?xml version="1.0" encoding="UTF-8"?>
<!-- Generated by org.testng.reporters.JUnitReportReporter -->
<testsuite hostname="LAPTOP-KEA8TT7A" failures="0" tests="1" name="getRequest.TestCases" time="1.874" errors="0" timestamp="2021-04-28T17:45:41 AEST" skipped="0">
  <testcase classname="getRequest.TestCases" name="getResponseCode" time="1.874"/>
  <system-out/>
</testsuite> <!-- getRequest.TestCases -->
