<?xml version="1.0" encoding="UTF-8"?>
<!-- Generated by org.testng.reporters.JUnitReportReporter -->
<testsuite hostname="LAPTOP-KEA8TT7A" failures="0" tests="1" name="getRequest.tempDays" time="2.988" errors="0" timestamp="2021-04-28T16:37:50 AEST" skipped="0">
  <testcase classname="getRequest.tempDays" name="printWeatherReport" time="2.988"/>
  <system-out/>
</testsuite> <!-- getRequest.tempDays -->
