<?xml version="1.0" encoding="UTF-8"?>
<!-- Generated by org.testng.reporters.JUnitReportReporter -->
<testsuite hostname="LAPTOP-KEA8TT7A" failures="0" tests="1" name="getRequest.SomeTestCases" time="2.744" errors="0" timestamp="2021-04-29T01:52:20 AEST" skipped="0">
  <testcase classname="getRequest.SomeTestCases" name="getResponseHeaders" time="2.744"/>
  <system-out/>
</testsuite> <!-- getRequest.SomeTestCases -->
